<?xml version="1.0" encoding="UTF-8"?>
<!-- Generated by org.testng.reporters.JUnitReportReporter -->
<testsuite hostname="RAHUL" failures="0" tests="2" name="sept29_TestCases.ContactUsTestCases" time="28.605" errors="0" timestamp="2021-10-04T18:33:09 IST" skipped="0">
  <testcase classname="sept29_TestCases.ContactUsTestCases" name="TestCase002" time="18.563"/>
  <system-out/>
  <testcase classname="sept29_TestCases.ContactUsTestCases" name="TestCase001" time="10.042"/>
  <system-out/>
</testsuite> <!-- sept29_TestCases.ContactUsTestCases -->
