<?xml version="1.0" encoding="UTF-8"?>
<!-- Generated by org.testng.reporters.JUnitReportReporter -->
<testsuite hostname="RAHUL" failures="0" tests="2" name="oct2_extents.ContactUsTestCases" time="41.534" errors="0" timestamp="2021-10-05T01:45:20 IST" skipped="0">
  <testcase classname="oct2_extents.ContactUsTestCases" name="TestCase001" time="18.618"/>
  <system-out/>
  <testcase classname="oct2_extents.ContactUsTestCases" name="TestCase002" time="22.916"/>
  <system-out/>
</testsuite> <!-- oct2_extents.ContactUsTestCases -->
