<?xml version="1.0" encoding="UTF-8"?>
<!-- Generated by org.testng.reporters.JUnitReportReporter -->
<testsuite hostname="RAHUL" failures="0" tests="2" name="sept21_testNG.Emp" time="0.005" errors="0" timestamp="2021-09-22T12:54:03 IST" skipped="0">
  <testcase classname="sept21_testNG.Emp" name="empInfo" time="0.002"/>
  <system-out/>
  <testcase classname="sept21_testNG.Emp" name="empInfo2" time="0.003"/>
  <system-out/>
</testsuite> <!-- sept21_testNG.Emp -->
