<?xml version="1.0" encoding="UTF-8"?>
<!-- Generated by org.testng.reporters.JUnitReportReporter -->
<testsuite hostname="RAHUL" failures="0" tests="2" name="sept22_testNG2.LoginToApplication" time="49.432" errors="0" timestamp="2021-09-23T20:04:56 IST" skipped="0">
  <testcase classname="sept22_testNG2.LoginToApplication" name="loginValidUserNameAndPassword2" time="21.773"/>
  <system-out/>
  <testcase classname="sept22_testNG2.LoginToApplication" name="loginValidUserNameAndPassword" time="27.659"/>
  <system-out/>
</testsuite> <!-- sept22_testNG2.LoginToApplication -->
