<?xml version="1.0" encoding="UTF-8"?>
<!-- Generated by org.testng.reporters.JUnitReportReporter -->
<testsuite hostname="RAHUL" failures="0" tests="3" name="sept21_testNG.SchoolBeforeNAfterMethods" time="0.045" errors="0" timestamp="2021-09-23T10:28:53 IST" skipped="0">
  <testcase classname="sept21_testNG.SchoolBeforeNAfterMethods" name="Student2" time="0.014"/>
  <system-out/>
  <testcase classname="sept21_testNG.SchoolBeforeNAfterMethods" name="Student" time="0.021"/>
  <system-out/>
  <testcase classname="sept21_testNG.SchoolBeforeNAfterMethods" name="Student3" time="0.010"/>
  <system-out/>
</testsuite> <!-- sept21_testNG.SchoolBeforeNAfterMethods -->
