<?xml version="1.0" encoding="UTF-8"?>
<!-- Generated by org.testng.reporters.JUnitReportReporter -->
<testsuite hostname="RAHUL" failures="0" tests="1" name="oct2_extents.TestReporting" time="14.674" errors="0" timestamp="2021-10-04T23:20:50 IST" skipped="0">
  <testcase classname="oct2_extents.TestReporting" name="f" time="14.674"/>
  <system-out/>
</testsuite> <!-- oct2_extents.TestReporting -->
