<?xml version="1.0" encoding="UTF-8"?>
<!-- Generated by org.testng.reporters.JUnitReportReporter -->
<testsuite hostname="RAHUL" failures="0" tests="4" name="oct2_extents.CreateAccountTestCase" time="130.203" errors="0" timestamp="2021-10-05T01:45:20 IST" skipped="0">
  <testcase classname="oct2_extents.CreateAccountTestCase" name="TestCase001" time="43.929"/>
  <system-out/>
  <testcase classname="oct2_extents.CreateAccountTestCase" name="TestCase002" time="31.696"/>
  <system-out/>
  <testcase classname="oct2_extents.CreateAccountTestCase" name="TestCase003" time="26.919"/>
  <system-out/>
  <testcase classname="oct2_extents.CreateAccountTestCase" name="TestCase004" time="27.659"/>
  <system-out/>
</testsuite> <!-- oct2_extents.CreateAccountTestCase -->
