<?xml version="1.0" encoding="UTF-8"?>
<!-- Generated by org.testng.reporters.JUnitReportReporter -->
<testsuite hostname="RAHUL" failures="0" tests="4" name="sept22_testNG2.School_priority" time="0.025" errors="0" timestamp="2021-09-23T18:30:06 IST" skipped="0">
  <testcase classname="sept22_testNG2.School_priority" name="Student2" time="0.008"/>
  <system-out/>
  <testcase classname="sept22_testNG2.School_priority" name="Student" time="0.007"/>
  <system-out/>
  <testcase classname="sept22_testNG2.School_priority" name="Student4" time="0.005"/>
  <system-out/>
  <testcase classname="sept22_testNG2.School_priority" name="Student3" time="0.005"/>
  <system-out/>
</testsuite> <!-- sept22_testNG2.School_priority -->
