<?xml version="1.0" encoding="UTF-8"?>
<!-- Generated by org.testng.reporters.JUnitReportReporter -->
<testsuite hostname="RAHUL" failures="0" tests="3" name="sept29_TestCases.LoginTestCases" time="45.286" errors="0" timestamp="2021-10-04T18:33:09 IST" skipped="0">
  <testcase classname="sept29_TestCases.LoginTestCases" name="TestCase002" time="19.400"/>
  <system-out/>
  <testcase classname="sept29_TestCases.LoginTestCases" name="TestCase001" time="18.801"/>
  <system-out/>
  <testcase classname="sept29_TestCases.LoginTestCases" name="TestCase003" time="7.085"/>
  <system-out/>
</testsuite> <!-- sept29_TestCases.LoginTestCases -->
