<?xml version="1.0" encoding="UTF-8"?>
<!-- Generated by org.testng.reporters.JUnitReportReporter -->
<testsuite hostname="RAHUL" failures="0" tests="3" name="sept22_testNG2.SchoolBeforeNAfterMethods" time="0.033" errors="0" timestamp="2021-09-23T18:30:06 IST" skipped="0">
  <testcase classname="sept22_testNG2.SchoolBeforeNAfterMethods" name="Student" time="0.019"/>
  <system-out/>
  <testcase classname="sept22_testNG2.SchoolBeforeNAfterMethods" name="Student2" time="0.005"/>
  <system-out/>
  <testcase classname="sept22_testNG2.SchoolBeforeNAfterMethods" name="Student3" time="0.009"/>
  <system-out/>
</testsuite> <!-- sept22_testNG2.SchoolBeforeNAfterMethods -->
