<?xml version="1.0" encoding="UTF-8"?>
<!-- Generated by org.testng.reporters.JUnitReportReporter -->
<testsuite hostname="RAHUL" failures="0" tests="1" name="sept29_TestCases.CreateAccountTestCase" time="45.662" errors="0" timestamp="2021-10-04T10:55:14 IST" skipped="0">
  <testcase classname="sept29_TestCases.CreateAccountTestCase" name="TestCase004" time="45.662"/>
  <system-out/>
</testsuite> <!-- sept29_TestCases.CreateAccountTestCase -->
