<?xml version="1.0" encoding="UTF-8"?>
<!-- Generated by org.testng.reporters.JUnitReportReporter -->
<testsuite hostname="RAHUL" failures="0" tests="3" name="sept22_testNG2.School" time="0.027" errors="0" timestamp="2021-09-22T13:16:09 IST" skipped="1">
  <testcase classname="sept22_testNG2.School" name="Student" time="0.019"/>
  <system-out/>
  <testcase classname="sept22_testNG2.School" name="Student3" time="0.008"/>
  <system-out/>
  <testcase classname="sept22_testNG2.School" name="Student2">
    <skipped/>
  </testcase> <!-- Student2 -->
  <system-out/>
</testsuite> <!-- sept22_testNG2.School -->
