<?xml version="1.0" encoding="UTF-8"?>
<!-- Generated by org.testng.reporters.JUnitReportReporter -->
<testsuite hostname="RAHUL" failures="0" tests="3" name="sept22_testNG2.School_enabled_false" time="0.012" errors="0" timestamp="2021-09-23T18:30:06 IST" skipped="1">
  <testcase classname="sept22_testNG2.School_enabled_false" name="Student" time="0.006"/>
  <system-out/>
  <testcase classname="sept22_testNG2.School_enabled_false" name="Student3" time="0.006"/>
  <system-out/>
  <testcase classname="sept22_testNG2.School_enabled_false" name="Student2">
    <skipped/>
  </testcase> <!-- Student2 -->
  <system-out/>
</testsuite> <!-- sept22_testNG2.School_enabled_false -->
