<?xml version="1.0" encoding="UTF-8"?>
<!-- Generated by org.testng.reporters.JUnitReportReporter -->
<testsuite hostname="RAHUL" failures="0" tests="1" name="sept29_TestCases.AddToCartTestCase" time="46.928" errors="0" timestamp="2021-10-04T18:33:09 IST" skipped="0">
  <testcase classname="sept29_TestCases.AddToCartTestCase" name="testcase001" time="46.928"/>
  <system-out/>
</testsuite> <!-- sept29_TestCases.AddToCartTestCase -->
