<?xml version="1.0" encoding="UTF-8"?>
<!-- Generated by org.testng.reporters.JUnitReportReporter -->
<testsuite hostname="RAHUL" failures="0" tests="3" name="sept24_properties_files.Testcases1" time="44.500" errors="0" timestamp="2021-09-25T21:21:30 IST" skipped="0">
  <testcase classname="sept24_properties_files.Testcases1" name="testcase002" time="6.284"/>
  <system-out/>
  <testcase classname="sept24_properties_files.Testcases1" name="testcase001" time="17.447"/>
  <system-out/>
  <testcase classname="sept24_properties_files.Testcases1" name="testcase003" time="20.769"/>
  <system-out/>
</testsuite> <!-- sept24_properties_files.Testcases1 -->
