<?xml version="1.0" encoding="UTF-8"?>
<!-- Generated by org.testng.reporters.JUnitReportReporter -->
<testsuite hostname="RAHUL" failures="0" tests="2" name="sept22_testNG2.Student" time="0.035" errors="0" timestamp="2021-09-23T18:30:06 IST" skipped="0">
  <testcase classname="sept22_testNG2.Student" name="ClassRoom" time="0.016"/>
  <system-out/>
  <testcase classname="sept22_testNG2.Student" name="School" time="0.019"/>
  <system-out/>
</testsuite> <!-- sept22_testNG2.Student -->
