<?xml version="1.0" encoding="UTF-8"?>
<!-- Generated by org.testng.reporters.JUnitReportReporter -->
<testsuite hostname="RAHUL" failures="0" tests="1" name="oct1_log4j.LogFileImpl" time="0.107" errors="0" timestamp="2021-10-04T17:45:42 IST" skipped="0">
  <testcase classname="oct1_log4j.LogFileImpl" name="Print" time="0.107"/>
  <system-out/>
</testsuite> <!-- oct1_log4j.LogFileImpl -->
