<?xml version="1.0" encoding="UTF-8"?>
<!-- Generated by org.testng.reporters.JUnitReportReporter -->
<testsuite hostname="RAHUL" failures="0" tests="1" name="oct2_extents.AddToCartTestCase" time="34.638" errors="0" timestamp="2021-10-05T01:45:20 IST" skipped="0">
  <testcase classname="oct2_extents.AddToCartTestCase" name="testcase001" time="34.638"/>
  <system-out/>
</testsuite> <!-- oct2_extents.AddToCartTestCase -->
